\BOOKMARK [1][-]{section.0.1}{Nonterminal gtl\137argument\137list}{}% 1
\BOOKMARK [2][-]{subsection.0.1.1}{Component gtl\137expression\137parser, in file gtl\137expression\137parser, line 716}{section.0.1}% 2
\BOOKMARK [1][-]{section.0.2}{Nonterminal gtl\137debugger\137parser\137start\137symbol}{}% 3
\BOOKMARK [2][-]{subsection.0.2.1}{Component gtl\137debugger\137parser, in file gtl\137debugger\137parser, line 35}{section.0.2}% 4
\BOOKMARK [1][-]{section.0.3}{Nonterminal gtl\137expression}{}% 5
\BOOKMARK [2][-]{subsection.0.3.1}{Component gtl\137expression\137parser, in file gtl\137expression\137parser, line 33}{section.0.3}% 6
\BOOKMARK [1][-]{section.0.4}{Nonterminal gtl\137factor}{}% 7
\BOOKMARK [2][-]{subsection.0.4.1}{Component gtl\137expression\137parser, in file gtl\137expression\137parser, line 192}{section.0.4}% 8
\BOOKMARK [2][-]{subsection.0.4.2}{Component gtl\137expression\137parser, in file gtl\137expression\137parser, line 208}{section.0.4}% 9
\BOOKMARK [2][-]{subsection.0.4.3}{Component gtl\137expression\137parser, in file gtl\137expression\137parser, line 220}{section.0.4}% 10
\BOOKMARK [2][-]{subsection.0.4.4}{Component gtl\137expression\137parser, in file gtl\137expression\137parser, line 232}{section.0.4}% 11
\BOOKMARK [2][-]{subsection.0.4.5}{Component gtl\137expression\137parser, in file gtl\137expression\137parser, line 244}{section.0.4}% 12
\BOOKMARK [2][-]{subsection.0.4.6}{Component gtl\137expression\137parser, in file gtl\137expression\137parser, line 256}{section.0.4}% 13
\BOOKMARK [2][-]{subsection.0.4.7}{Component gtl\137expression\137parser, in file gtl\137expression\137parser, line 269}{section.0.4}% 14
\BOOKMARK [2][-]{subsection.0.4.8}{Component gtl\137expression\137parser, in file gtl\137expression\137parser, line 282}{section.0.4}% 15
\BOOKMARK [2][-]{subsection.0.4.9}{Component gtl\137expression\137parser, in file gtl\137expression\137parser, line 295}{section.0.4}% 16
\BOOKMARK [2][-]{subsection.0.4.10}{Component gtl\137expression\137parser, in file gtl\137expression\137parser, line 308}{section.0.4}% 17
\BOOKMARK [2][-]{subsection.0.4.11}{Component gtl\137expression\137parser, in file gtl\137expression\137parser, line 321}{section.0.4}% 18
\BOOKMARK [2][-]{subsection.0.4.12}{Component gtl\137expression\137parser, in file gtl\137expression\137parser, line 335}{section.0.4}% 19
\BOOKMARK [2][-]{subsection.0.4.13}{Component gtl\137expression\137parser, in file gtl\137expression\137parser, line 369}{section.0.4}% 20
\BOOKMARK [2][-]{subsection.0.4.14}{Component gtl\137expression\137parser, in file gtl\137expression\137parser, line 401}{section.0.4}% 21
\BOOKMARK [2][-]{subsection.0.4.15}{Component gtl\137expression\137parser, in file gtl\137expression\137parser, line 420}{section.0.4}% 22
\BOOKMARK [2][-]{subsection.0.4.16}{Component gtl\137expression\137parser, in file gtl\137expression\137parser, line 429}{section.0.4}% 23
\BOOKMARK [2][-]{subsection.0.4.17}{Component gtl\137expression\137parser, in file gtl\137expression\137parser, line 445}{section.0.4}% 24
\BOOKMARK [2][-]{subsection.0.4.18}{Component gtl\137expression\137parser, in file gtl\137expression\137parser, line 461}{section.0.4}% 25
\BOOKMARK [2][-]{subsection.0.4.19}{Component gtl\137expression\137parser, in file gtl\137expression\137parser, line 477}{section.0.4}% 26
\BOOKMARK [2][-]{subsection.0.4.20}{Component gtl\137expression\137parser, in file gtl\137expression\137parser, line 514}{section.0.4}% 27
\BOOKMARK [2][-]{subsection.0.4.21}{Component gtl\137expression\137parser, in file gtl\137expression\137parser, line 533}{section.0.4}% 28
\BOOKMARK [2][-]{subsection.0.4.22}{Component gtl\137expression\137parser, in file gtl\137expression\137parser, line 552}{section.0.4}% 29
\BOOKMARK [2][-]{subsection.0.4.23}{Component gtl\137expression\137parser, in file gtl\137expression\137parser, line 576}{section.0.4}% 30
\BOOKMARK [2][-]{subsection.0.4.24}{Component gtl\137expression\137parser, in file gtl\137expression\137parser, line 587}{section.0.4}% 31
\BOOKMARK [2][-]{subsection.0.4.25}{Component gtl\137expression\137parser, in file gtl\137expression\137parser, line 606}{section.0.4}% 32
\BOOKMARK [2][-]{subsection.0.4.26}{Component gtl\137expression\137parser, in file gtl\137expression\137parser, line 627}{section.0.4}% 33
\BOOKMARK [2][-]{subsection.0.4.27}{Component gtl\137expression\137parser, in file gtl\137expression\137parser, line 648}{section.0.4}% 34
\BOOKMARK [1][-]{section.0.5}{Nonterminal gtl\137relation\137factor}{}% 35
\BOOKMARK [2][-]{subsection.0.5.1}{Component gtl\137expression\137parser, in file gtl\137expression\137parser, line 69}{section.0.5}% 36
\BOOKMARK [1][-]{section.0.6}{Nonterminal gtl\137relation\137term}{}% 37
\BOOKMARK [2][-]{subsection.0.6.1}{Component gtl\137expression\137parser, in file gtl\137expression\137parser, line 53}{section.0.6}% 38
\BOOKMARK [1][-]{section.0.7}{Nonterminal gtl\137simple\137expression}{}% 39
\BOOKMARK [2][-]{subsection.0.7.1}{Component gtl\137expression\137parser, in file gtl\137expression\137parser, line 117}{section.0.7}% 40
\BOOKMARK [1][-]{section.0.8}{Nonterminal gtl\137term}{}% 41
\BOOKMARK [2][-]{subsection.0.8.1}{Component gtl\137expression\137parser, in file gtl\137expression\137parser, line 162}{section.0.8}% 42
\BOOKMARK [1][-]{section.0.9}{Nonterminal gtl\137variable}{}% 43
\BOOKMARK [2][-]{subsection.0.9.1}{Component gtl\137expression\137parser, in file gtl\137expression\137parser, line 667}{section.0.9}% 44
\BOOKMARK [1][-]{section.0.10}{Nonterminal gtl\137variable\137or\137here}{}% 45
\BOOKMARK [2][-]{subsection.0.10.1}{Component gtl\137expression\137parser, in file gtl\137expression\137parser, line 702}{section.0.10}% 46
